<?xml version="1.0" encoding="UTF-8"?>
<!-- Generated by org.testng.reporters.JUnitReportReporter -->
<testsuite hostname="LAPTOP-H5JMR89L" failures="0" tests="1" name="test1.amazonHeaderLinkCheck" time="21.160" errors="0" timestamp="2022-09-28T16:32:05 IST" skipped="0">
  <testcase classname="test1.amazonHeaderLinkCheck" name="loginCheck" time="21.160"/>
  <system-out/>
</testsuite> <!-- test1.amazonHeaderLinkCheck -->
