<?xml version="1.0" encoding="UTF-8"?>
<!-- Generated by org.testng.reporters.JUnitReportReporter -->
<testsuite hostname="LAPTOP-H5JMR89L" failures="0" tests="2" name="test1.Test12" time="0.022" errors="0" timestamp="2022-09-21T21:50:01 IST" skipped="0">
  <testcase classname="test1.Test12" name="test2" time="0.008"/>
  <system-out/>
  <testcase classname="test1.Test12" name="test1" time="0.014"/>
  <system-out/>
</testsuite> <!-- test1.Test12 -->
