<?xml version="1.0" encoding="UTF-8"?>
<!-- Generated by org.testng.reporters.JUnitReportReporter -->
<testsuite hostname="LAPTOP-H5JMR89L" failures="0" tests="1" name="test1.FacebookLogin" time="19.500" errors="0" timestamp="2022-09-28T16:42:09 IST" skipped="0">
  <testcase classname="test1.FacebookLogin" name="loginCheck" time="19.500"/>
  <system-out/>
</testsuite> <!-- test1.FacebookLogin -->
