<?xml version="1.0" encoding="UTF-8"?>
<!-- Generated by org.testng.reporters.JUnitReportReporter -->
<testsuite hostname="LAPTOP-H5JMR89L" failures="0" tests="1" name="packageNew.TesrNGNew" time="0.017" errors="0" timestamp="2022-09-15T23:07:46 IST" skipped="0">
  <testcase classname="packageNew.TesrNGNew" name="test" time="0.017"/>
  <system-out/>
</testsuite> <!-- packageNew.TesrNGNew -->
